This is pdfTeX, Version 3.14159265-2.6-1.40.16 (MiKTeX 2.9) (preloaded format=pdflatex 2016.4.15)  17 JAN 2017 16:09
entering extended mode
**./vutinfth.ins
(vutinfth.ins
LaTeX2e <2015/10/01> patch level 2
Babel <3.9n> and hyphenation patterns for 69 languages loaded.
("C:\Users\jennym\AppData\Local\Programs\MiKTeX 2.9\tex\latex\base\docstrip.tex
"
\blockLevel=\count79
\emptyLines=\count80
\processedLines=\count81
\commentsRemoved=\count82
\commentsPassed=\count83
\codeLinesPassed=\count84
\TotalprocessedLines=\count85
\TotalcommentsRemoved=\count86
\TotalcommentsPassed=\count87
\TotalcodeLinesPassed=\count88
\NumberOfFiles=\count89
\inFile=\read1
\inputcheck=\read2
\off@0=\count90
\off@1=\count91
\off@2=\count92
\off@3=\count93
\off@4=\count94
\off@5=\count95
\off@6=\count96
\off@7=\count97
\off@8=\count98
\off@9=\count99
\off@10=\count100
\off@11=\count101
\off@12=\count102
\off@13=\count103
\off@14=\count104
\off@15=\count105
\@maxfiles=\count106
\@maxoutfiles=\count107

Utility: `docstrip' 2.5e <2014/09/29>
English documentation    <2014/09/29>

**********************************************************
* This program converts documented macro-files into fast *
* loadable files by stripping off (nearly) all comments! *
**********************************************************

********************************************************
* No Configuration file found, using default settings. *
********************************************************

)

Generating file(s) ./vutinfth.cls 
\openout0 = `./vutinfth.cls'.


Processing file vutinfth.dtx (class) -> vutinfth.cls
File vutinfth.dtx ended by \endinput.
Lines  processed: 1931
Comments removed: 1048
Comments  passed: 19
Codelines passed: 856

*********************************************************
*
* To finish the installation you have to move the
* following file into a directory searched by TeX:
*
*   vuinfth.cls
*
* To produce the documentation run the file vuinfth.dtx
* through LaTeX.
*
*********************************************************
 ) 
Here is how much of TeX's memory you used:
 311 strings out of 493634
 3147 string characters out of 3134831
 58652 words of memory out of 3000000
 3790 multiletter control sequences out of 15000+200000
 3640 words of font info for 14 fonts, out of 3000000 for 9000
 1025 hyphenation exceptions out of 8191
 11i,0n,15p,911b,119s stack positions out of 5000i,500n,10000p,200000b,50000s

No pages of output.
PDF statistics:
 0 PDF objects out of 1000 (max. 8388607)
 0 named destinations out of 1000 (max. 500000)
 1 words of extra memory for PDF output out of 10000 (max. 10000000)

